<?xml version="1.0" encoding="UTF-8"?>
<!-- Generated by org.testng.reporters.JUnitReportReporter -->
<testsuite hostname="user" failures="0" tests="1" name="testscript.TestRunner" time="105.666" errors="0" timestamp="17 Feb 2022 11:14:37 GMT">
  <testcase classname="testscript.TestRunner" name="TestIvestec" time="105.666"/>
</testsuite> <!-- testscript.TestRunner -->
